  Building GameAssembly.dll with MsvcWinRtToolChain
  	Msvc Install Version: 16.0
  	Msvc Install SDK Directory: C:\Program Files (x86)\Windows Kits\10
  	Msvc Linker Path: C:\Program Files (x86)\Microsoft Visual Studio\2019\Community\VC\Tools\MSVC\14.29.30133\bin\HostX64\ARM\link.exe
  	Msvc Compiler Path: C:\Program Files (x86)\Microsoft Visual Studio\2019\Community\VC\Tools\MSVC\14.29.30133\bin\HostX64\ARM\cl.exe
  
  	Output directory: C:\Users\jonah\Documents\GitHub\Space-Game\w10\build\bin\ARM\Master
  	Cache directory: C:\Users\jonah\Documents\GitHub\Space-Game\w10\build\obj\il2cppOutputProject\ARM\Master
  pch-c.c
  pch-cpp.cpp
  Il2CppGenericMethodPointerTable.cpp
  Il2CppTypeDefinitions.c
  Unity.InputSystem.cpp
  Generics5.cpp
  GenericMethods1.cpp
  GenericMethods.cpp
  Generics11.cpp
  Generics6.cpp
  Unity.InputSystem4.cpp
  mscorlib_CodeGen.c
  Il2CppInvokerTable.cpp
  Unity.InputSystem6.cpp
  Il2CppCCalculateTypeValues.cpp
  Unity.InputSystem2.cpp
  GenericMethods4.cpp
  GenericMethods3.cpp
  Il2CppCCalculateFieldValues.cpp
  Unity.TextMeshPro.cpp
  Unity.InputSystem5.cpp
  Unity.InputSystem3.cpp
  Generics18.cpp
  Generics12.cpp
  mscorlib2.cpp
  Unity.TextMeshPro2.cpp
  mscorlib7.cpp
  UnityEngine.CoreModule.cpp
  UnityEngine.UI.cpp
  mscorlib1.cpp
  GenericMethods6.cpp
  Assembly-CSharp.cpp
  Unity.InputSystem1.cpp
  Il2CppMetadataUsage.c
  GenericMethods5.cpp
  mscorlib.cpp
  mscorlib10.cpp
  Unity.TextMeshPro1.cpp
  UnityEngine.CoreModule1.cpp
  mscorlib8.cpp
  Generics1.cpp
  mscorlib15.cpp
  Generics7.cpp
  mscorlib11.cpp
  Generics17.cpp
  mscorlib4.cpp
  Generics2.cpp
  mscorlib14.cpp
  GenericMethods2.cpp
  mscorlib17.cpp
  mscorlib5.cpp
  Generics.cpp
  Unity.TextMeshPro3.cpp
  Generics10.cpp
  mscorlib3.cpp
  Generics20.cpp
  UnityEngine.UI2.cpp
  mscorlib6.cpp
  Generics13.cpp
  mscorlib18.cpp
  mscorlib9.cpp
  Generics9.cpp
  Generics8.cpp
  Unity.InputSystem7.cpp
  Unity.InputSystem_Attr.cpp
  Generics19.cpp
  Generics3.cpp
  mscorlib16.cpp
  Generics4.cpp
  UnityEngine.UI1.cpp
  mscorlib12.cpp
  System1.cpp
  mscorlib13.cpp
  Generics16.cpp
  Unity.InputSystem_CodeGen.c
  Il2CppGenericInstDefinitions.c
  Il2CppCCalculateFieldValues1.cpp
  Unity.TextMeshPro5.cpp
  mscorlib_Attr.cpp
  UnityEngine.CoreModule_Attr.cpp
  Generics14.cpp
  UnresolvedVirtualCallStubs.cpp
  UnityEngine.IMGUIModule.cpp
  UnityEngine.UI3.cpp
  Il2CppGenericAdjustorThunkTable.cpp
  UnityEngine.CoreModule_CodeGen.c
  Generics15.cpp
  System2.cpp
  Il2CppGenericMethodTable.c
  GenericMethods7.cpp
  UnityEngine.UI_CodeGen.c
  Unity.TextMeshPro_CodeGen.c
  Assembly-CSharp1.cpp
  I18N.CJK.cpp
  char-conversions.cpp
  Unity.TextMeshPro4.cpp
  UnityEngine.AndroidJNIModule.cpp
  I18N.Rare2.cpp
  Il2CppGenericMethodDefinitions.c
  I18N.Rare.cpp
  I18N.Rare4.cpp
  System.cpp
  I18N.Rare1.cpp
  I18N.cpp
  Il2CppCCTypeValuesTable.cpp
  Il2CppGenericClassTable.c
  UnityEngine.UI_Attr.cpp
  Il2CppInteropDataTable.cpp
  I18N.West.cpp
  I18N.Other.cpp
  I18N.Rare3.cpp
  UnityEngine.TextCoreModule.cpp
  I18N.West1.cpp
  Unity.TextMeshPro_Attr.cpp
  UnityEngine.TerrainModule.cpp
  I18N.MidEast.cpp
  System_CodeGen.c
  UnityEngine.AnimationModule.cpp
  Il2CppCCFieldValuesTable.cpp
  UnityEngine.TextRenderingModule.cpp
  UnityEngine.UIModule.cpp
  UnityEngine.XRModule.cpp
  UnityEngine.IMGUIModule_Attr.cpp
  UnityEngine.Physics2DModule.cpp
  UnityEngine.SharedInternalsModule.cpp
  UnityEngine.PhysicsModule.cpp
  UnityEngine.AnimationModule_Attr.cpp
  UnityEngine.PhysicsModule_Attr.cpp
  UnityEngine.XRModule_Attr.cpp
  UnityEngine.TextCoreModule_Attr.cpp
  UnityEngine.Physics2DModule_Attr.cpp
  UnityEngine.AndroidJNIModule_Attr.cpp
  UnityEngine.SharedInternalsModule_Attr.cpp
  Assembly-CSharp_Attr.cpp
  UnityEngine.VFXModule_Attr.cpp
  Mono.Security.cpp
  UnityEngine.SubsystemsModule.cpp
  UnityEngine.ParticleSystemModule_Attr.cpp
  UnityEngine.AudioModule_Attr.cpp
  UnityEngine.InputLegacyModule.cpp
  UnityEngine.TilemapModule_Attr.cpp
  Assembly-CSharp_CodeGen.c
  UnityEngine.TextRenderingModule_Attr.cpp
  UnityEngine.UIModule_Attr.cpp
  UnityEngine.VideoModule_Attr.cpp
  UnityEngine.TerrainModule_Attr.cpp
  UnityEngine.UIElementsNativeModule.cpp
  UnityEngine.UIElementsNativeModule_Attr.cpp
  UnityEngine.InputLegacyModule_Attr.cpp
  UnityEngine.SubsystemsModule_Attr.cpp
  UnityEngine.UnityAnalyticsModule_Attr.cpp
  UnityEngine.GridModule_Attr.cpp
  UnityEngine.TilemapModule.cpp
  UnityEngine.VFXModule.cpp
  UnityEngine.VRModule_Attr.cpp
  System_Attr.cpp
  UnityEngine.AIModule_Attr.cpp
  UnityEngine.InputModule_Attr.cpp
  UnityEngine.AudioModule.cpp
  UnityEngine.DirectorModule_Attr.cpp
  UnityEngine.SpriteShapeModule_Attr.cpp
  UnityEngine.UnityWebRequestModule_Attr.cpp
  UnityEngine.JSONSerializeModule_Attr.cpp
  UnityEngine.AssetBundleModule_Attr.cpp
  UnityEngine.VideoModule.cpp
  System.Core_Attr.cpp
  UnityEngine.UnityAnalyticsModule.cpp
  UnityEngine.UnityWebRequestModule.cpp
  UnityEngine.ParticleSystemModule.cpp
  I18N.Rare_CodeGen.c
  UnityEngine.IMGUIModule_CodeGen.c
  deflate.c
  UnityEngine.InputModule.cpp
  I18N.CJK_CodeGen.c
  UnityEngine.AndroidJNIModule_CodeGen.c
  System.Xml_Attr.cpp
  System.Configuration.cpp
  UnityEngine.TextCoreModule_CodeGen.c
  System.Configuration_Attr.cpp
  UnityEngine.AssetBundleModule.cpp
  UnityEngine.JSONSerializeModule.cpp
  System.Core_CodeGen.c
  UnityEngine.UIModule_CodeGen.c
  Mono.Security_Attr.cpp
  I18N_CodeGen.c
  inflate.c
  trees.c
  UnityEngine.AnimationModule_CodeGen.c
  xamarin_getifaddrs.c
  I18N.West_CodeGen.c
  UnityEngine.VRModule.cpp
  UnityEngine.AIModule.cpp
  UnityEngine.XRModule_CodeGen.c
  I18N.Other_CodeGen.c
  UnityEngine.DirectorModule.cpp
  System.Core.cpp
  UnityEngine.PhysicsModule_CodeGen.c
  UnityEngine.SharedInternalsModule_CodeGen.c
  UnityEngine.Physics2DModule_CodeGen.c
  UnityEngine.TextRenderingModule_CodeGen.c
  infback.c
  gzread.c
  UnityEngine.TerrainModule_CodeGen.c
  gzwrite.c
  gzlib.c
  I18N_Attr.cpp
  I18N.MidEast_Attr.cpp
  I18N.Other_Attr.cpp
  I18N.West_Attr.cpp
  I18N.CJK_Attr.cpp
  I18N.Rare_Attr.cpp
  crc32.c
  UnityEngine.InputLegacyModule_CodeGen.c
  I18N.MidEast_CodeGen.c
  inftrees.c
  inffast.c
  UnityEngine.TilemapModule_CodeGen.c
  UnityEngine_Attr.cpp
  UnityEngine.AudioModule_CodeGen.c
  UnityEngine.VideoModule_CodeGen.c
  UnityEngine.SubsystemsModule_CodeGen.c
  UnityEngine.VFXModule_CodeGen.c
  Il2CppCodeRegistration.cpp
  UnityEngine.UIElementsNativeModule_CodeGen.c
  UnityEngine.ParticleSystemModule_CodeGen.c
  UnityEngine.InputModule_CodeGen.c
  zutil.c
  UnityEngine.UnityAnalyticsModule_CodeGen.c
  System.Xml.cpp
  System.Configuration_CodeGen.c
  UnityEngine.SpriteShapeModule.cpp
  UnityEngine.GridModule.cpp
  Mono.Security_CodeGen.c
  il2cpp-api.cpp
  Il2CppReversePInvokeWrapperTable.cpp
  compress.c
  uncompr.c
  adler32.c
  UnityEngine.UnityWebRequestModule_CodeGen.c
  UnityEngine.JSONSerializeModule_CodeGen.c
  UnityEngine.AIModule_CodeGen.c
  UnityEngine.DirectorModule_CodeGen.c
  UnityAdsStubs.cpp
  krait_signal_handler.c
  UnityEngine.VRModule_CodeGen.c
  System.Xml_CodeGen.c
  UnityEngine.GridModule_CodeGen.c
  Il2CppMetadataRegistration.c
  UnityEngine.cpp
  UnityEngine.AssetBundleModule_CodeGen.c
  il2cpp-benchmark-support.cpp
  gzclose.c
  UnityEngine.SpriteShapeModule_CodeGen.c
  UnityEngine_CodeGen.c
  Il2CppGenericComDefinitions.cpp
  Il2CppGenericComDefinitions1.cpp
  Lump_libil2cpp_utils.cpp
  Lump_libil2cpp_vm-utils.cpp
  Lump_libil2cpp_metadata.cpp
  Il2CppGenericComDefinitions12.cpp
  Il2CppGenericComDefinitions13.cpp
  Lump_libil2cpp_codegen.cpp
  Lump_libil2cpp_gc.cpp
  Il2CppGenericComDefinitions10.cpp
  Il2CppGenericComDefinitions11.cpp
  Il2CppGenericComDefinitions16.cpp
  Il2CppGenericComDefinitions14.cpp
  Il2CppGenericComDefinitions15.cpp
  Il2CppGenericComDefinitions17.cpp
  Il2CppGenericComDefinitions18.cpp
  Il2CppGenericComDefinitions19.cpp
  Il2CppGenericComDefinitions20.cpp
  Il2CppGenericComDefinitions2.cpp
  Lump_libil2cpp_mono.cpp
  Il2CppGenericComDefinitions24.cpp
  Il2CppGenericComDefinitions25.cpp
  Il2CppGenericComDefinitions21.cpp
  Il2CppGenericComDefinitions22.cpp
  Il2CppGenericComDefinitions23.cpp
  Lump_libil2cpp_icalls.cpp
  Il2CppGenericComDefinitions26.cpp
  gc.c
  Il2CppGenericComDefinitions27.cpp
  Il2CppGenericComDefinitions28.cpp
  Il2CppGenericComDefinitions30.cpp
  Il2CppGenericComDefinitions33.cpp
  Il2CppGenericComDefinitions31.cpp
  Il2CppGenericComDefinitions3.cpp
  Il2CppGenericComDefinitions32.cpp
  Il2CppGenericComDefinitions29.cpp
  Il2CppGenericComDefinitions34.cpp
  Il2CppGenericComDefinitions35.cpp
  Il2CppGenericComDefinitions36.cpp
  Il2CppGenericComDefinitions37.cpp
  Il2CppGenericComDefinitions38.cpp
  Il2CppGenericComDefinitions42.cpp
  Il2CppGenericComDefinitions40.cpp
  Il2CppGenericComDefinitions39.cpp
  Il2CppGenericComDefinitions41.cpp
  Il2CppGenericComDefinitions4.cpp
  Il2CppGenericComDefinitions44.cpp
  Il2CppGenericComDefinitions6.cpp
  Il2CppGenericComDefinitions43.cpp
  Il2CppGenericComDefinitions7.cpp
  Il2CppGenericComDefinitions5.cpp
  Il2CppGenericComDefinitions8.cpp
  Il2CppGenericComDefinitions9.cpp
  Lump_libil2cpp_debugger.cpp
  il2cpp-runtime-stats.cpp
  Lump_libil2cpp_vm.cpp
  Lump_libil2cpp_os.cpp
  ObjectFiles: 309 of which compiled: 309
  	Time Compile: 17743 milliseconds Unity.TextMeshPro3.cpp
  	Time Compile: 16003 milliseconds Unity.TextMeshPro4.cpp
  	Time Compile: 15120 milliseconds mscorlib4.cpp
  	Time Compile: 12987 milliseconds Unity.TextMeshPro2.cpp
  	Time Compile: 10741 milliseconds Lump_libil2cpp_os.cpp
  	Time Compile: 10327 milliseconds Generics19.cpp
  	Time Compile: 10133 milliseconds Il2CppCCalculateFieldValues.cpp
  	Time Compile: 10084 milliseconds mscorlib15.cpp
  	Time Compile: 9556 milliseconds Lump_libil2cpp_vm.cpp
  	Time Compile: 8634 milliseconds mscorlib5.cpp
  Total compilation time: 56936 milliseconds.
  Creating library C:\Users\jonah\Documents\GitHub\Space-Game\w10\build\obj\il2cppOutputProject\ARM\Master\linkresult_B6FAC60AEB9DFC681E4AF35E7BA6A681\GameAssembly.lib and object C:\Users\jonah\Documents\GitHub\Space-Game\w10\build\obj\il2cppOutputProject\ARM\Master\linkresult_B6FAC60AEB9DFC681E4AF35E7BA6A681\GameAssembly.exp
  Total link time: 3560 milliseconds.
  Cleaned up 1 object files.
